<?xml version="1.0" encoding="UTF-8"?>
<!-- Generated by org.testng.reporters.JUnitXMLReporter -->
<testsuite ignored="0" hostname="DESKTOP-52D0HCV" failures="1" tests="1" name="EdgeTest" time="64.919" errors="0" timestamp="2023-06-02T19:40:39 IST">
  <testcase classname="testClasses.ShoppingAutomation" name="testCartOrderValue" time="64.524">
    <failure type="java.lang.AssertionError" message="Amount matched expected [7499] but found [7698]">
      <![CDATA[java.lang.AssertionError: Amount matched expected [7499] but found [7698]
at testClasses.ShoppingAutomation.testCartOrderValue(ShoppingAutomation.java:83)
at java.base/java.util.ArrayList.forEach(ArrayList.java:1511)
at java.base/java.util.concurrent.FutureTask.run(FutureTask.java:264)
at java.base/java.util.concurrent.ThreadPoolExecutor.runWorker(ThreadPoolExecutor.java:1136)
at java.base/java.util.concurrent.ThreadPoolExecutor$Worker.run(ThreadPoolExecutor.java:635)
at java.base/java.lang.Thread.run(Thread.java:833)
... Removed 23 stack frames]]>
    </failure>
  </testcase> <!-- testCartOrderValue -->
</testsuite> <!-- EdgeTest -->
